  stdafx.cpp
  echoSK.cc
  interfaceSK.cc
  servidor.cpp
servidor.cpp(192): warning C4267: 'argumento': conversión de 'size_t' a '_CORBA_ULong'; posible pérdida de datos
servidor.cpp(228): warning C4018: '<': no coinciden signed/unsigned
servidor.cpp(442): warning C4101: 'ex': variable local sin referencia
servidor.cpp(451): warning C4101: 'ex': variable local sin referencia
servidor.cpp(503): warning C4101: 'ex': variable local sin referencia
servidor.cpp(508): warning C4101: 'ex': variable local sin referencia
servidor.cpp(512): warning C4101: 'ex': variable local sin referencia
  SQLite.cpp
  SQLiteContract.cpp
  sqlite3.c
  Generando código
  2528 of 2597 functions (97.3%) were compiled, the rest were copied from previous compilation.
    62 functions were new in current compilation
    40 functions had inline decision re-evaluated but remain unchanged
  Generación de código finalizada
  servidor.vcxproj -> C:\p2p-corba\servidor\servidor\x64\Release\servidor.exe
